2014-11-10 23:35:37,849 INFO  [pool-1-thread-1] client.JEPlusSimulationServiceUser (   ) - RINQX; READY, with 0 batches in process, 0 batches in queue
2014-11-10 23:35:39,508 INFO  [pool-1-thread-1] client.JEPlusSimulationServiceUser (   ) - RINQX; READY, with 0 batches in process, 0 batches in queue
2014-11-10 23:38:50,421 INFO  [AWT-EventQueue-0] client.JEPlusSimulationServiceUser (   ) - RINQX; READY, with 0 batches in process, 0 batches in queue
2014-11-10 23:38:58,709 INFO  [pool-1-thread-1] client.JEPlusSimulationServiceUser (   ) - RJOB; SN=12093; Status=UNPACKED; message=Job has been unpacked into work folder.
2014-11-10 23:39:34,225 DEBUG [pool-1-thread-1] client.JEPlusSimulationServiceUser (   ) - Job 12093@server2.ensims.com:2992 in progress: Job logged
2014-11-11 00:17:25,388 INFO  [AutoRefreshTimer] client.JEPlusSimulationServiceUser (   ) - RJOB; SN=12093; Status=REJECTED; message=Job is rejected due to Project validation failed: Validation failed
File /data/jess/temp/jeremiahc/12093/C:\Users\NRGSIM\Dropbox\#PCES - Internal\!PCES-Portland\!PCES Modeling\PAE\Mark Brune\Parkmerced\jEplusParametricStudy\/project.rvx is not accessibl ()
2014-11-11 00:17:25,389 DEBUG [AutoRefreshTimer] client.JEPlusSimulationServiceUser (   ) - Job 12093@server2.ensims.com:2992 has failed due to Job is rejected due to Project validation failed: Validation failed
File /data/jess/temp/jeremiahc/12093/C:\Users\NRGSIM\Dropbox\#PCES - Internal\!PCES-Portland\!PCES Modeling\PAE\Mark Brune\Parkmerced\jEplusParametricStudy\/project.rvx is not accessibl ()
2014-11-11 08:54:13,093 ERROR [AWT-EventQueue-0] jeplus.JEPlusProject (   ) - Error loading project from file “.\”NRGSIM\Dropbox\#PCES - Internal\!PCES-Portland\!PCES Modeling\PAE\Mark Brune\Parkmerced\jEplusParametricStudy\project.jep
java.io.FileNotFoundException: “.\”NRGSIM\Dropbox\#PCES - Internal\!PCES-Portland\!PCES Modeling\PAE\Mark Brune\Parkmerced\jEplusParametricStudy\project.jep (The system cannot find the path specified)
	at java.io.FileInputStream.open(Native Method)
	at java.io.FileInputStream.<init>(Unknown Source)
	at jeplus.JEPlusProject.loadAsXML(JEPlusProject.java:279)
	at jeplusplus.client.JESSClientGUIv2.cmdValidateRemoteActionPerformed(JESSClientGUIv2.java:818)
	at jeplusplus.client.JESSClientGUIv2.access$1100(JESSClientGUIv2.java:42)
	at jeplusplus.client.JESSClientGUIv2$6.actionPerformed(JESSClientGUIv2.java:421)
	at javax.swing.AbstractButton.fireActionPerformed(Unknown Source)
	at javax.swing.AbstractButton$Handler.actionPerformed(Unknown Source)
	at javax.swing.DefaultButtonModel.fireActionPerformed(Unknown Source)
	at javax.swing.DefaultButtonModel.setPressed(Unknown Source)
	at javax.swing.plaf.basic.BasicButtonListener.mouseReleased(Unknown Source)
	at java.awt.Component.processMouseEvent(Unknown Source)
	at javax.swing.JComponent.processMouseEvent(Unknown Source)
	at java.awt.Component.processEvent(Unknown Source)
	at java.awt.Container.processEvent(Unknown Source)
	at java.awt.Component.dispatchEventImpl(Unknown Source)
	at java.awt.Container.dispatchEventImpl(Unknown Source)
	at java.awt.Component.dispatchEvent(Unknown Source)
	at java.awt.LightweightDispatcher.retargetMouseEvent(Unknown Source)
	at java.awt.LightweightDispatcher.processMouseEvent(Unknown Source)
	at java.awt.LightweightDispatcher.dispatchEvent(Unknown Source)
	at java.awt.Container.dispatchEventImpl(Unknown Source)
	at java.awt.Window.dispatchEventImpl(Unknown Source)
	at java.awt.Component.dispatchEvent(Unknown Source)
	at java.awt.EventQueue.dispatchEventImpl(Unknown Source)
	at java.awt.EventQueue.access$200(Unknown Source)
	at java.awt.EventQueue$3.run(Unknown Source)
	at java.awt.EventQueue$3.run(Unknown Source)
	at java.security.AccessController.doPrivileged(Native Method)
	at java.security.ProtectionDomain$1.doIntersectionPrivilege(Unknown Source)
	at java.security.ProtectionDomain$1.doIntersectionPrivilege(Unknown Source)
	at java.awt.EventQueue$4.run(Unknown Source)
	at java.awt.EventQueue$4.run(Unknown Source)
	at java.security.AccessController.doPrivileged(Native Method)
	at java.security.ProtectionDomain$1.doIntersectionPrivilege(Unknown Source)
	at java.awt.EventQueue.dispatchEvent(Unknown Source)
	at java.awt.EventDispatchThread.pumpOneEventForFilters(Unknown Source)
	at java.awt.EventDispatchThread.pumpEventsForFilter(Unknown Source)
	at java.awt.EventDispatchThread.pumpEventsForHierarchy(Unknown Source)
	at java.awt.EventDispatchThread.pumpEvents(Unknown Source)
	at java.awt.EventDispatchThread.pumpEvents(Unknown Source)
	at java.awt.EventDispatchThread.run(Unknown Source)
2014-11-11 08:56:34,499 INFO  [AWT-EventQueue-0] client.JEPlusSimulationServiceUser (   ) - RINQX; READY, with 0 batches in process, 0 batches in queue
2014-11-11 08:56:44,544 INFO  [pool-1-thread-1] client.JEPlusSimulationServiceUser (   ) - RJOB; SN=12094; Status=UNPACKED; message=Job has been unpacked into work folder.
2014-11-11 08:56:47,745 DEBUG [pool-1-thread-1] client.JEPlusSimulationServiceUser (   ) - Job 12094@server2.ensims.com:2992 in progress: Job logged
2014-11-11 08:57:02,091 ERROR [AWT-EventQueue-0] jeplus.JEPlusProject (   ) - Error loading project from file .\NRGSIM\Desktop\ApartmentModelPAE\project.jep
java.io.FileNotFoundException: .\NRGSIM\Desktop\ApartmentModelPAE\project.jep (The system cannot find the path specified)
	at java.io.FileInputStream.open(Native Method)
	at java.io.FileInputStream.<init>(Unknown Source)
	at jeplus.JEPlusProject.loadAsXML(JEPlusProject.java:279)
	at jeplusplus.client.JESSClientGUIv2.cmdValidateRemoteActionPerformed(JESSClientGUIv2.java:818)
	at jeplusplus.client.JESSClientGUIv2.access$1100(JESSClientGUIv2.java:42)
	at jeplusplus.client.JESSClientGUIv2$6.actionPerformed(JESSClientGUIv2.java:421)
	at javax.swing.AbstractButton.fireActionPerformed(Unknown Source)
	at javax.swing.AbstractButton$Handler.actionPerformed(Unknown Source)
	at javax.swing.DefaultButtonModel.fireActionPerformed(Unknown Source)
	at javax.swing.DefaultButtonModel.setPressed(Unknown Source)
	at javax.swing.plaf.basic.BasicButtonListener.mouseReleased(Unknown Source)
	at java.awt.Component.processMouseEvent(Unknown Source)
	at javax.swing.JComponent.processMouseEvent(Unknown Source)
	at java.awt.Component.processEvent(Unknown Source)
	at java.awt.Container.processEvent(Unknown Source)
	at java.awt.Component.dispatchEventImpl(Unknown Source)
	at java.awt.Container.dispatchEventImpl(Unknown Source)
	at java.awt.Component.dispatchEvent(Unknown Source)
	at java.awt.LightweightDispatcher.retargetMouseEvent(Unknown Source)
	at java.awt.LightweightDispatcher.processMouseEvent(Unknown Source)
	at java.awt.LightweightDispatcher.dispatchEvent(Unknown Source)
	at java.awt.Container.dispatchEventImpl(Unknown Source)
	at java.awt.Window.dispatchEventImpl(Unknown Source)
	at java.awt.Component.dispatchEvent(Unknown Source)
	at java.awt.EventQueue.dispatchEventImpl(Unknown Source)
	at java.awt.EventQueue.access$200(Unknown Source)
	at java.awt.EventQueue$3.run(Unknown Source)
	at java.awt.EventQueue$3.run(Unknown Source)
	at java.security.AccessController.doPrivileged(Native Method)
	at java.security.ProtectionDomain$1.doIntersectionPrivilege(Unknown Source)
	at java.security.ProtectionDomain$1.doIntersectionPrivilege(Unknown Source)
	at java.awt.EventQueue$4.run(Unknown Source)
	at java.awt.EventQueue$4.run(Unknown Source)
	at java.security.AccessController.doPrivileged(Native Method)
	at java.security.ProtectionDomain$1.doIntersectionPrivilege(Unknown Source)
	at java.awt.EventQueue.dispatchEvent(Unknown Source)
	at java.awt.EventDispatchThread.pumpOneEventForFilters(Unknown Source)
	at java.awt.EventDispatchThread.pumpEventsForFilter(Unknown Source)
	at java.awt.EventDispatchThread.pumpEventsForHierarchy(Unknown Source)
	at java.awt.EventDispatchThread.pumpEvents(Unknown Source)
	at java.awt.EventDispatchThread.pumpEvents(Unknown Source)
	at java.awt.EventDispatchThread.run(Unknown Source)
2014-11-11 08:57:13,106 INFO  [AutoRefreshTimer] client.JEPlusSimulationServiceUser (   ) - RJOB; SN=12094; Status=REJECTED; message=Job is rejected due to Project validation failed: Validation failed
File /data/jess/temp/jeremiahc/12094/C:\Users\NRGSIM\Dropbox\#PCES - Internal\!PCES-Portland\!PCES Modeling\PAE\Mark Brune\Parkmerced\jEplusParametricStudy\/project.rvx is not accessibl ()
2014-11-11 08:57:13,106 DEBUG [AutoRefreshTimer] client.JEPlusSimulationServiceUser (   ) - Job 12094@server2.ensims.com:2992 has failed due to Job is rejected due to Project validation failed: Validation failed
File /data/jess/temp/jeremiahc/12094/C:\Users\NRGSIM\Dropbox\#PCES - Internal\!PCES-Portland\!PCES Modeling\PAE\Mark Brune\Parkmerced\jEplusParametricStudy\/project.rvx is not accessibl ()
2014-11-11 21:44:50,505 INFO  [AWT-EventQueue-0] client.JEPlusSimulationServiceUser (   ) - RINQX; READY, with 0 batches in process, 0 batches in queue
2014-11-11 21:44:56,873 INFO  [pool-1-thread-1] client.JEPlusSimulationServiceUser (   ) - RJOB; SN=12095; Status=UNPACKED; message=Job has been unpacked into work folder.
2014-11-11 21:45:03,430 DEBUG [pool-1-thread-1] client.JEPlusSimulationServiceUser (   ) - Job 12095@server2.ensims.com:2992 in progress: Job logged
2014-11-11 21:45:14,154 INFO  [AutoRefreshTimer] client.JEPlusSimulationServiceUser (   ) - RJOB; SN=12095; Status=QUEUED; message=Jobs prepared. Awaiting simulation. ()
2014-11-11 21:47:32,218 INFO  [AutoRefreshTimer] client.JEPlusSimulationServiceUser (   ) - RJOB; SN=12095; Status=FINISHED; message=Job finished. Results are available. User account balance: 9538.76 CPU hours remaining.
2014-11-11 21:47:46,717 DEBUG [AutoRefreshTimer] client.JEPlusSimulationServiceUser (   ) - Job 12095@server2.ensims.com:2992 finished.
